mode: set
github.com/sonic/lib/utils/tarutils/tarutils.go:13.47,15.16 2 1
github.com/sonic/lib/utils/tarutils/tarutils.go:18.2,22.14 4 1
github.com/sonic/lib/utils/tarutils/tarutils.go:25.2,25.18 1 1
github.com/sonic/lib/utils/tarutils/tarutils.go:15.16,17.3 1 0
github.com/sonic/lib/utils/tarutils/tarutils.go:22.14,24.3 1 1
github.com/sonic/lib/utils/tarutils/tarutils.go:33.67,35.16 2 1
github.com/sonic/lib/utils/tarutils/tarutils.go:38.2,40.24 2 1
github.com/sonic/lib/utils/tarutils/tarutils.go:35.16,37.3 1 1
github.com/sonic/lib/utils/tarutils/tarutils.go:43.63,47.2 2 1
github.com/sonic/lib/utils/tarutils/tarutils.go:49.64,53.6 3 1
github.com/sonic/lib/utils/tarutils/tarutils.go:70.2,70.18 1 1
github.com/sonic/lib/utils/tarutils/tarutils.go:53.6,55.20 2 1
github.com/sonic/lib/utils/tarutils/tarutils.go:58.3,58.34 1 1
github.com/sonic/lib/utils/tarutils/tarutils.go:62.3,64.34 3 1
github.com/sonic/lib/utils/tarutils/tarutils.go:68.3,68.79 1 1
github.com/sonic/lib/utils/tarutils/tarutils.go:55.20,56.9 1 1
github.com/sonic/lib/utils/tarutils/tarutils.go:58.34,60.4 1 0
github.com/sonic/lib/utils/tarutils/tarutils.go:64.34,66.4 1 0
