mode: set
github.com/sonic/lib/utils/xzutils/xzutils.go:11.51,14.21 2 1
github.com/sonic/lib/utils/xzutils/xzutils.go:21.2,22.16 2 1
github.com/sonic/lib/utils/xzutils/xzutils.go:26.2,28.16 3 1
github.com/sonic/lib/utils/xzutils/xzutils.go:32.2,33.16 2 1
github.com/sonic/lib/utils/xzutils/xzutils.go:37.2,37.31 1 1
github.com/sonic/lib/utils/xzutils/xzutils.go:15.2,16.50 1 1
github.com/sonic/lib/utils/xzutils/xzutils.go:17.2,18.44 1 1
github.com/sonic/lib/utils/xzutils/xzutils.go:22.16,24.3 1 0
github.com/sonic/lib/utils/xzutils/xzutils.go:28.16,30.3 1 1
github.com/sonic/lib/utils/xzutils/xzutils.go:33.16,35.3 1 0
github.com/sonic/lib/utils/xzutils/xzutils.go:40.54,42.16 2 1
github.com/sonic/lib/utils/xzutils/xzutils.go:46.2,47.16 2 1
github.com/sonic/lib/utils/xzutils/xzutils.go:50.2,50.19 1 1
github.com/sonic/lib/utils/xzutils/xzutils.go:42.16,44.3 1 0
github.com/sonic/lib/utils/xzutils/xzutils.go:47.16,49.3 1 0
github.com/sonic/lib/utils/xzutils/xzutils.go:53.49,57.16 3 1
github.com/sonic/lib/utils/xzutils/xzutils.go:61.2,61.21 1 1
github.com/sonic/lib/utils/xzutils/xzutils.go:72.2,73.16 2 1
github.com/sonic/lib/utils/xzutils/xzutils.go:77.2,77.28 1 1
github.com/sonic/lib/utils/xzutils/xzutils.go:57.16,59.3 1 0
github.com/sonic/lib/utils/xzutils/xzutils.go:62.2,63.68 1 1
github.com/sonic/lib/utils/xzutils/xzutils.go:66.2,67.60 1 1
github.com/sonic/lib/utils/xzutils/xzutils.go:63.68,65.4 1 0
github.com/sonic/lib/utils/xzutils/xzutils.go:67.60,69.4 1 0
github.com/sonic/lib/utils/xzutils/xzutils.go:73.16,75.3 1 0
github.com/sonic/lib/utils/xzutils/xzutils.go:80.49,82.16 2 1
github.com/sonic/lib/utils/xzutils/xzutils.go:86.2,87.16 2 1
github.com/sonic/lib/utils/xzutils/xzutils.go:91.2,92.16 2 1
github.com/sonic/lib/utils/xzutils/xzutils.go:95.2,98.33 3 1
github.com/sonic/lib/utils/xzutils/xzutils.go:102.2,102.12 1 1
github.com/sonic/lib/utils/xzutils/xzutils.go:82.16,84.3 1 1
github.com/sonic/lib/utils/xzutils/xzutils.go:87.16,89.3 1 0
github.com/sonic/lib/utils/xzutils/xzutils.go:92.16,94.3 1 1
github.com/sonic/lib/utils/xzutils/xzutils.go:98.33,100.3 1 0
github.com/sonic/lib/utils/xzutils/xzutils.go:105.51,107.16 2 1
github.com/sonic/lib/utils/xzutils/xzutils.go:110.2,113.16 3 1
github.com/sonic/lib/utils/xzutils/xzutils.go:117.2,119.33 3 1
github.com/sonic/lib/utils/xzutils/xzutils.go:123.2,123.18 1 1
github.com/sonic/lib/utils/xzutils/xzutils.go:107.16,109.3 1 1
github.com/sonic/lib/utils/xzutils/xzutils.go:113.16,115.3 1 0
github.com/sonic/lib/utils/xzutils/xzutils.go:119.33,121.3 1 0
