mode: set
github.com/sonic/lib/utils/futils/filemover.go:9.53,11.2 1 1
github.com/sonic/lib/utils/futils/filemover.go:19.53,27.24 2 1
github.com/sonic/lib/utils/futils/filemover.go:52.2,52.14 1 1
github.com/sonic/lib/utils/futils/filemover.go:27.24,28.34 1 1
github.com/sonic/lib/utils/futils/filemover.go:38.3,38.7 1 1
github.com/sonic/lib/utils/futils/filemover.go:28.34,30.29 2 1
github.com/sonic/lib/utils/futils/filemover.go:30.29,32.19 2 1
github.com/sonic/lib/utils/futils/filemover.go:32.19,34.6 1 1
github.com/sonic/lib/utils/futils/filemover.go:38.7,39.11 1 1
github.com/sonic/lib/utils/futils/filemover.go:40.4,42.19 2 1
github.com/sonic/lib/utils/futils/filemover.go:45.4,47.11 2 1
github.com/sonic/lib/utils/futils/filemover.go:42.19,44.6 1 1
github.com/sonic/lib/utils/futils/filemover.go:55.29,57.2 1 1
github.com/sonic/lib/utils/futils/filemover.go:59.54,61.2 1 1
github.com/sonic/lib/utils/futils/futils.go:17.48,21.16 3 1
github.com/sonic/lib/utils/futils/futils.go:25.2,25.29 1 1
github.com/sonic/lib/utils/futils/futils.go:29.2,29.22 1 1
github.com/sonic/lib/utils/futils/futils.go:21.16,23.3 1 0
github.com/sonic/lib/utils/futils/futils.go:25.29,27.3 1 1
github.com/sonic/lib/utils/futils/futils.go:32.71,33.20 1 1
github.com/sonic/lib/utils/futils/futils.go:37.2,38.44 2 1
github.com/sonic/lib/utils/futils/futils.go:42.2,42.43 1 1
github.com/sonic/lib/utils/futils/futils.go:33.20,35.3 1 1
github.com/sonic/lib/utils/futils/futils.go:38.44,40.3 1 1
github.com/sonic/lib/utils/futils/futils.go:47.49,49.16 2 1
github.com/sonic/lib/utils/futils/futils.go:52.2,55.16 3 1
github.com/sonic/lib/utils/futils/futils.go:59.2,61.16 3 1
github.com/sonic/lib/utils/futils/futils.go:65.2,65.60 1 1
github.com/sonic/lib/utils/futils/futils.go:49.16,51.3 1 1
github.com/sonic/lib/utils/futils/futils.go:55.16,57.3 1 0
github.com/sonic/lib/utils/futils/futils.go:61.16,63.3 1 0
github.com/sonic/lib/utils/futils/futils.go:68.49,70.16 2 1
github.com/sonic/lib/utils/futils/futils.go:74.2,75.16 2 1
github.com/sonic/lib/utils/futils/futils.go:78.2,78.12 1 1
github.com/sonic/lib/utils/futils/futils.go:70.16,72.3 1 1
github.com/sonic/lib/utils/futils/futils.go:75.16,77.3 1 0
github.com/sonic/lib/utils/futils/futils.go:81.24,82.23 1 0
github.com/sonic/lib/utils/futils/futils.go:85.2,85.13 1 0
github.com/sonic/lib/utils/futils/futils.go:82.23,84.3 1 0
github.com/sonic/lib/utils/futils/futils.go:88.50,92.33 3 0
github.com/sonic/lib/utils/futils/futils.go:99.2,99.13 1 0
github.com/sonic/lib/utils/futils/futils.go:92.33,93.24 1 0
github.com/sonic/lib/utils/futils/futils.go:93.24,96.4 2 0
