mode: set
github.com/sonic/lib/utils/fdownload/fdownload.go:26.70,30.27 3 1
github.com/sonic/lib/utils/fdownload/fdownload.go:42.2,42.16 1 1
github.com/sonic/lib/utils/fdownload/fdownload.go:30.27,32.55 2 1
github.com/sonic/lib/utils/fdownload/fdownload.go:32.55,34.18 2 1
github.com/sonic/lib/utils/fdownload/fdownload.go:39.4,39.13 1 1
github.com/sonic/lib/utils/fdownload/fdownload.go:34.18,36.5 1 1
github.com/sonic/lib/utils/fdownload/fdownload.go:36.5,38.5 1 1
github.com/sonic/lib/utils/fdownload/fdownload.go:45.60,50.16 4 1
github.com/sonic/lib/utils/fdownload/fdownload.go:54.2,54.38 1 1
github.com/sonic/lib/utils/fdownload/fdownload.go:58.2,59.16 2 1
github.com/sonic/lib/utils/fdownload/fdownload.go:62.2,64.56 2 1
github.com/sonic/lib/utils/fdownload/fdownload.go:50.16,52.3 1 0
github.com/sonic/lib/utils/fdownload/fdownload.go:54.38,56.3 1 1
github.com/sonic/lib/utils/fdownload/fdownload.go:59.16,61.3 1 0
github.com/sonic/lib/utils/fdownload/fdownload.go:67.78,78.6 5 1
github.com/sonic/lib/utils/fdownload/fdownload.go:78.6,80.17 2 1
github.com/sonic/lib/utils/fdownload/fdownload.go:80.17,81.35 1 1
github.com/sonic/lib/utils/fdownload/fdownload.go:85.4,88.35 3 1
github.com/sonic/lib/utils/fdownload/fdownload.go:92.4,92.15 1 1
github.com/sonic/lib/utils/fdownload/fdownload.go:97.4,97.24 1 1
github.com/sonic/lib/utils/fdownload/fdownload.go:81.35,83.5 1 0
github.com/sonic/lib/utils/fdownload/fdownload.go:88.35,90.5 1 0
github.com/sonic/lib/utils/fdownload/fdownload.go:92.15,95.5 2 1
github.com/sonic/lib/utils/fdownload/fdownload.go:97.24,99.5 1 1
github.com/sonic/lib/utils/fdownload/fdownload.go:105.42,110.9 3 1
github.com/sonic/lib/utils/fdownload/fdownload.go:117.2,120.30 3 1
github.com/sonic/lib/utils/fdownload/fdownload.go:124.2,124.40 1 1
github.com/sonic/lib/utils/fdownload/fdownload.go:111.2,112.30 1 1
github.com/sonic/lib/utils/fdownload/fdownload.go:113.2,114.23 1 1
github.com/sonic/lib/utils/fdownload/fdownload.go:120.30,122.3 1 1
github.com/sonic/lib/utils/fdownload/fdownload.go:127.54,128.24 1 1
github.com/sonic/lib/utils/fdownload/fdownload.go:128.24,130.3 1 1
github.com/sonic/lib/utils/fdownload/fdownload.go:130.3,132.3 1 1
github.com/sonic/lib/utils/fdownload/fdownload.go:135.31,144.2 2 1
